Determining if the pthread_create exist failed with the following output:
Change Dir: /home/huynhld/FIS_ES/WIP/Users/HuynhLD/corepoint_delta_detection/build/CMakeFiles/CMakeTmp

Run Build Command:"/usr/bin/make" "cmTC_b9798/fast"
/usr/bin/make -f CMakeFiles/cmTC_b9798.dir/build.make CMakeFiles/cmTC_b9798.dir/build
make[1]: Entering directory '/home/huynhld/FIS_ES/WIP/Users/HuynhLD/corepoint_delta_detection/build/CMakeFiles/CMakeTmp'
Building C object CMakeFiles/cmTC_b9798.dir/CheckSymbolExists.c.o
/usr/bin/cc     -o CMakeFiles/cmTC_b9798.dir/CheckSymbolExists.c.o   -c /home/huynhld/FIS_ES/WIP/Users/HuynhLD/corepoint_delta_detection/build/CMakeFiles/CMakeTmp/CheckSymbolExists.c
Linking C executable cmTC_b9798
/usr/bin/cmake -E cmake_link_script CMakeFiles/cmTC_b9798.dir/link.txt --verbose=1
/usr/bin/cc       CMakeFiles/cmTC_b9798.dir/CheckSymbolExists.c.o  -o cmTC_b9798 -rdynamic 
CMakeFiles/cmTC_b9798.dir/CheckSymbolExists.c.o: In function `main':
CheckSymbolExists.c:(.text+0x16): undefined reference to `pthread_create'
collect2: error: ld returned 1 exit status
make[1]: *** [CMakeFiles/cmTC_b9798.dir/build.make:98: cmTC_b9798] Error 1
make[1]: Leaving directory '/home/huynhld/FIS_ES/WIP/Users/HuynhLD/corepoint_delta_detection/build/CMakeFiles/CMakeTmp'
make: *** [Makefile:126: cmTC_b9798/fast] Error 2

File /home/huynhld/FIS_ES/WIP/Users/HuynhLD/corepoint_delta_detection/build/CMakeFiles/CMakeTmp/CheckSymbolExists.c:
/* */
#include <pthread.h>

int main(int argc, char** argv)
{
  (void)argv;
#ifndef pthread_create
  return ((int*)(&pthread_create))[argc];
#else
  (void)argc;
  return 0;
#endif
}

Determining if the function pthread_create exists in the pthreads failed with the following output:
Change Dir: /home/huynhld/FIS_ES/WIP/Users/HuynhLD/corepoint_delta_detection/build/CMakeFiles/CMakeTmp

Run Build Command:"/usr/bin/make" "cmTC_9a14b/fast"
/usr/bin/make -f CMakeFiles/cmTC_9a14b.dir/build.make CMakeFiles/cmTC_9a14b.dir/build
make[1]: Entering directory '/home/huynhld/FIS_ES/WIP/Users/HuynhLD/corepoint_delta_detection/build/CMakeFiles/CMakeTmp'
Building C object CMakeFiles/cmTC_9a14b.dir/CheckFunctionExists.c.o
/usr/bin/cc    -DCHECK_FUNCTION_EXISTS=pthread_create   -o CMakeFiles/cmTC_9a14b.dir/CheckFunctionExists.c.o   -c /usr/share/cmake-3.6/Modules/CheckFunctionExists.c
Linking C executable cmTC_9a14b
/usr/bin/cmake -E cmake_link_script CMakeFiles/cmTC_9a14b.dir/link.txt --verbose=1
/usr/bin/cc   -DCHECK_FUNCTION_EXISTS=pthread_create    CMakeFiles/cmTC_9a14b.dir/CheckFunctionExists.c.o  -o cmTC_9a14b -rdynamic -lpthreads 
/usr/bin/ld: cannot find -lpthreads
collect2: error: ld returned 1 exit status
make[1]: *** [CMakeFiles/cmTC_9a14b.dir/build.make:98: cmTC_9a14b] Error 1
make[1]: Leaving directory '/home/huynhld/FIS_ES/WIP/Users/HuynhLD/corepoint_delta_detection/build/CMakeFiles/CMakeTmp'
make: *** [Makefile:126: cmTC_9a14b/fast] Error 2


