The system is: Linux - 4.8.4-1-MANJARO - x86_64
Compiling the C compiler identification source file "CMakeCCompilerId.c" succeeded.
Compiler: /usr/bin/cc 
Build flags: 
Id flags: 

The output was:
0


Compilation of the C compiler identification source "CMakeCCompilerId.c" produced "a.out"

The C compiler identification is GNU, found in "/home/huynhld/FIS_ES/WIP/Users/HuynhLD/corepoint_delta_detection/build/CMakeFiles/3.6.2/CompilerIdC/a.out"

Compiling the CXX compiler identification source file "CMakeCXXCompilerId.cpp" succeeded.
Compiler: /usr/bin/c++ 
Build flags: 
Id flags: 

The output was:
0


Compilation of the CXX compiler identification source "CMakeCXXCompilerId.cpp" produced "a.out"

The CXX compiler identification is GNU, found in "/home/huynhld/FIS_ES/WIP/Users/HuynhLD/corepoint_delta_detection/build/CMakeFiles/3.6.2/CompilerIdCXX/a.out"

Determining if the C compiler works passed with the following output:
Change Dir: /home/huynhld/FIS_ES/WIP/Users/HuynhLD/corepoint_delta_detection/build/CMakeFiles/CMakeTmp

Run Build Command:"/usr/bin/make" "cmTC_47292/fast"
/usr/bin/make -f CMakeFiles/cmTC_47292.dir/build.make CMakeFiles/cmTC_47292.dir/build
make[1]: Entering directory '/home/huynhld/FIS_ES/WIP/Users/HuynhLD/corepoint_delta_detection/build/CMakeFiles/CMakeTmp'
Building C object CMakeFiles/cmTC_47292.dir/testCCompiler.c.o
/usr/bin/cc     -o CMakeFiles/cmTC_47292.dir/testCCompiler.c.o   -c /home/huynhld/FIS_ES/WIP/Users/HuynhLD/corepoint_delta_detection/build/CMakeFiles/CMakeTmp/testCCompiler.c
Linking C executable cmTC_47292
/usr/bin/cmake -E cmake_link_script CMakeFiles/cmTC_47292.dir/link.txt --verbose=1
/usr/bin/cc       CMakeFiles/cmTC_47292.dir/testCCompiler.c.o  -o cmTC_47292 -rdynamic 
make[1]: Leaving directory '/home/huynhld/FIS_ES/WIP/Users/HuynhLD/corepoint_delta_detection/build/CMakeFiles/CMakeTmp'


Detecting C compiler ABI info compiled with the following output:
Change Dir: /home/huynhld/FIS_ES/WIP/Users/HuynhLD/corepoint_delta_detection/build/CMakeFiles/CMakeTmp

Run Build Command:"/usr/bin/make" "cmTC_5f4d4/fast"
/usr/bin/make -f CMakeFiles/cmTC_5f4d4.dir/build.make CMakeFiles/cmTC_5f4d4.dir/build
make[1]: Entering directory '/home/huynhld/FIS_ES/WIP/Users/HuynhLD/corepoint_delta_detection/build/CMakeFiles/CMakeTmp'
Building C object CMakeFiles/cmTC_5f4d4.dir/CMakeCCompilerABI.c.o
/usr/bin/cc     -o CMakeFiles/cmTC_5f4d4.dir/CMakeCCompilerABI.c.o   -c /usr/share/cmake-3.6/Modules/CMakeCCompilerABI.c
Linking C executable cmTC_5f4d4
/usr/bin/cmake -E cmake_link_script CMakeFiles/cmTC_5f4d4.dir/link.txt --verbose=1
/usr/bin/cc      -v CMakeFiles/cmTC_5f4d4.dir/CMakeCCompilerABI.c.o  -o cmTC_5f4d4 -rdynamic  
Using built-in specs.
COLLECT_GCC=/usr/bin/cc
COLLECT_LTO_WRAPPER=/usr/lib/gcc/x86_64-pc-linux-gnu/6.2.1/lto-wrapper
Target: x86_64-pc-linux-gnu
Configured with: /build/gcc-multilib/src/gcc/configure --prefix=/usr --libdir=/usr/lib --libexecdir=/usr/lib --mandir=/usr/share/man --infodir=/usr/share/info --with-bugurl=https://bugs.archlinux.org/ --enable-languages=c,c++,ada,fortran,go,lto,objc,obj-c++ --enable-shared --enable-threads=posix --enable-libmpx --with-system-zlib --with-isl --enable-__cxa_atexit --disable-libunwind-exceptions --enable-clocale=gnu --disable-libstdcxx-pch --disable-libssp --enable-gnu-unique-object --enable-linker-build-id --enable-lto --enable-plugin --enable-install-libiberty --with-linker-hash-style=gnu --enable-gnu-indirect-function --enable-multilib --disable-werror --enable-checking=release
Thread model: posix
gcc version 6.2.1 20160830 (GCC) 
COMPILER_PATH=/usr/lib/gcc/x86_64-pc-linux-gnu/6.2.1/:/usr/lib/gcc/x86_64-pc-linux-gnu/6.2.1/:/usr/lib/gcc/x86_64-pc-linux-gnu/:/usr/lib/gcc/x86_64-pc-linux-gnu/6.2.1/:/usr/lib/gcc/x86_64-pc-linux-gnu/
LIBRARY_PATH=/usr/lib/gcc/x86_64-pc-linux-gnu/6.2.1/:/usr/lib/gcc/x86_64-pc-linux-gnu/6.2.1/../../../../lib/:/lib/../lib/:/usr/lib/../lib/:/usr/lib/gcc/x86_64-pc-linux-gnu/6.2.1/../../../:/lib/:/usr/lib/
COLLECT_GCC_OPTIONS='-v' '-o' 'cmTC_5f4d4' '-rdynamic' '-mtune=generic' '-march=x86-64'
 /usr/lib/gcc/x86_64-pc-linux-gnu/6.2.1/collect2 -plugin /usr/lib/gcc/x86_64-pc-linux-gnu/6.2.1/liblto_plugin.so -plugin-opt=/usr/lib/gcc/x86_64-pc-linux-gnu/6.2.1/lto-wrapper -plugin-opt=-fresolution=/tmp/cc2Ub5oJ.res -plugin-opt=-pass-through=-lgcc -plugin-opt=-pass-through=-lgcc_s -plugin-opt=-pass-through=-lc -plugin-opt=-pass-through=-lgcc -plugin-opt=-pass-through=-lgcc_s --build-id --eh-frame-hdr --hash-style=gnu -m elf_x86_64 -export-dynamic -dynamic-linker /lib64/ld-linux-x86-64.so.2 -o cmTC_5f4d4 /usr/lib/gcc/x86_64-pc-linux-gnu/6.2.1/../../../../lib/crt1.o /usr/lib/gcc/x86_64-pc-linux-gnu/6.2.1/../../../../lib/crti.o /usr/lib/gcc/x86_64-pc-linux-gnu/6.2.1/crtbegin.o -L/usr/lib/gcc/x86_64-pc-linux-gnu/6.2.1 -L/usr/lib/gcc/x86_64-pc-linux-gnu/6.2.1/../../../../lib -L/lib/../lib -L/usr/lib/../lib -L/usr/lib/gcc/x86_64-pc-linux-gnu/6.2.1/../../.. CMakeFiles/cmTC_5f4d4.dir/CMakeCCompilerABI.c.o -lgcc --as-needed -lgcc_s --no-as-needed -lc -lgcc --as-needed -lgcc_s --no-as-needed /usr/lib/gcc/x86_64-pc-linux-gnu/6.2.1/crtend.o /usr/lib/gcc/x86_64-pc-linux-gnu/6.2.1/../../../../lib/crtn.o
COLLECT_GCC_OPTIONS='-v' '-o' 'cmTC_5f4d4' '-rdynamic' '-mtune=generic' '-march=x86-64'
make[1]: Leaving directory '/home/huynhld/FIS_ES/WIP/Users/HuynhLD/corepoint_delta_detection/build/CMakeFiles/CMakeTmp'


Parsed C implicit link information from above output:
  link line regex: [^( *|.*[/\])(ld|([^/\]+-)?ld|collect2)[^/\]*( |$)]
  ignore line: [Change Dir: /home/huynhld/FIS_ES/WIP/Users/HuynhLD/corepoint_delta_detection/build/CMakeFiles/CMakeTmp]
  ignore line: []
  ignore line: [Run Build Command:"/usr/bin/make" "cmTC_5f4d4/fast"]
  ignore line: [/usr/bin/make -f CMakeFiles/cmTC_5f4d4.dir/build.make CMakeFiles/cmTC_5f4d4.dir/build]
  ignore line: [make[1]: Entering directory '/home/huynhld/FIS_ES/WIP/Users/HuynhLD/corepoint_delta_detection/build/CMakeFiles/CMakeTmp']
  ignore line: [Building C object CMakeFiles/cmTC_5f4d4.dir/CMakeCCompilerABI.c.o]
  ignore line: [/usr/bin/cc     -o CMakeFiles/cmTC_5f4d4.dir/CMakeCCompilerABI.c.o   -c /usr/share/cmake-3.6/Modules/CMakeCCompilerABI.c]
  ignore line: [Linking C executable cmTC_5f4d4]
  ignore line: [/usr/bin/cmake -E cmake_link_script CMakeFiles/cmTC_5f4d4.dir/link.txt --verbose=1]
  ignore line: [/usr/bin/cc      -v CMakeFiles/cmTC_5f4d4.dir/CMakeCCompilerABI.c.o  -o cmTC_5f4d4 -rdynamic  ]
  ignore line: [Using built-in specs.]
  ignore line: [COLLECT_GCC=/usr/bin/cc]
  ignore line: [COLLECT_LTO_WRAPPER=/usr/lib/gcc/x86_64-pc-linux-gnu/6.2.1/lto-wrapper]
  ignore line: [Target: x86_64-pc-linux-gnu]
  ignore line: [Configured with: /build/gcc-multilib/src/gcc/configure --prefix=/usr --libdir=/usr/lib --libexecdir=/usr/lib --mandir=/usr/share/man --infodir=/usr/share/info --with-bugurl=https://bugs.archlinux.org/ --enable-languages=c,c++,ada,fortran,go,lto,objc,obj-c++ --enable-shared --enable-threads=posix --enable-libmpx --with-system-zlib --with-isl --enable-__cxa_atexit --disable-libunwind-exceptions --enable-clocale=gnu --disable-libstdcxx-pch --disable-libssp --enable-gnu-unique-object --enable-linker-build-id --enable-lto --enable-plugin --enable-install-libiberty --with-linker-hash-style=gnu --enable-gnu-indirect-function --enable-multilib --disable-werror --enable-checking=release]
  ignore line: [Thread model: posix]
  ignore line: [gcc version 6.2.1 20160830 (GCC) ]
  ignore line: [COMPILER_PATH=/usr/lib/gcc/x86_64-pc-linux-gnu/6.2.1/:/usr/lib/gcc/x86_64-pc-linux-gnu/6.2.1/:/usr/lib/gcc/x86_64-pc-linux-gnu/:/usr/lib/gcc/x86_64-pc-linux-gnu/6.2.1/:/usr/lib/gcc/x86_64-pc-linux-gnu/]
  ignore line: [LIBRARY_PATH=/usr/lib/gcc/x86_64-pc-linux-gnu/6.2.1/:/usr/lib/gcc/x86_64-pc-linux-gnu/6.2.1/../../../../lib/:/lib/../lib/:/usr/lib/../lib/:/usr/lib/gcc/x86_64-pc-linux-gnu/6.2.1/../../../:/lib/:/usr/lib/]
  ignore line: [COLLECT_GCC_OPTIONS='-v' '-o' 'cmTC_5f4d4' '-rdynamic' '-mtune=generic' '-march=x86-64']
  link line: [ /usr/lib/gcc/x86_64-pc-linux-gnu/6.2.1/collect2 -plugin /usr/lib/gcc/x86_64-pc-linux-gnu/6.2.1/liblto_plugin.so -plugin-opt=/usr/lib/gcc/x86_64-pc-linux-gnu/6.2.1/lto-wrapper -plugin-opt=-fresolution=/tmp/cc2Ub5oJ.res -plugin-opt=-pass-through=-lgcc -plugin-opt=-pass-through=-lgcc_s -plugin-opt=-pass-through=-lc -plugin-opt=-pass-through=-lgcc -plugin-opt=-pass-through=-lgcc_s --build-id --eh-frame-hdr --hash-style=gnu -m elf_x86_64 -export-dynamic -dynamic-linker /lib64/ld-linux-x86-64.so.2 -o cmTC_5f4d4 /usr/lib/gcc/x86_64-pc-linux-gnu/6.2.1/../../../../lib/crt1.o /usr/lib/gcc/x86_64-pc-linux-gnu/6.2.1/../../../../lib/crti.o /usr/lib/gcc/x86_64-pc-linux-gnu/6.2.1/crtbegin.o -L/usr/lib/gcc/x86_64-pc-linux-gnu/6.2.1 -L/usr/lib/gcc/x86_64-pc-linux-gnu/6.2.1/../../../../lib -L/lib/../lib -L/usr/lib/../lib -L/usr/lib/gcc/x86_64-pc-linux-gnu/6.2.1/../../.. CMakeFiles/cmTC_5f4d4.dir/CMakeCCompilerABI.c.o -lgcc --as-needed -lgcc_s --no-as-needed -lc -lgcc --as-needed -lgcc_s --no-as-needed /usr/lib/gcc/x86_64-pc-linux-gnu/6.2.1/crtend.o /usr/lib/gcc/x86_64-pc-linux-gnu/6.2.1/../../../../lib/crtn.o]
    arg [/usr/lib/gcc/x86_64-pc-linux-gnu/6.2.1/collect2] ==> ignore
    arg [-plugin] ==> ignore
    arg [/usr/lib/gcc/x86_64-pc-linux-gnu/6.2.1/liblto_plugin.so] ==> ignore
    arg [-plugin-opt=/usr/lib/gcc/x86_64-pc-linux-gnu/6.2.1/lto-wrapper] ==> ignore
    arg [-plugin-opt=-fresolution=/tmp/cc2Ub5oJ.res] ==> ignore
    arg [-plugin-opt=-pass-through=-lgcc] ==> ignore
    arg [-plugin-opt=-pass-through=-lgcc_s] ==> ignore
    arg [-plugin-opt=-pass-through=-lc] ==> ignore
    arg [-plugin-opt=-pass-through=-lgcc] ==> ignore
    arg [-plugin-opt=-pass-through=-lgcc_s] ==> ignore
    arg [--build-id] ==> ignore
    arg [--eh-frame-hdr] ==> ignore
    arg [--hash-style=gnu] ==> ignore
    arg [-m] ==> ignore
    arg [elf_x86_64] ==> ignore
    arg [-export-dynamic] ==> ignore
    arg [-dynamic-linker] ==> ignore
    arg [/lib64/ld-linux-x86-64.so.2] ==> ignore
    arg [-o] ==> ignore
    arg [cmTC_5f4d4] ==> ignore
    arg [/usr/lib/gcc/x86_64-pc-linux-gnu/6.2.1/../../../../lib/crt1.o] ==> ignore
    arg [/usr/lib/gcc/x86_64-pc-linux-gnu/6.2.1/../../../../lib/crti.o] ==> ignore
    arg [/usr/lib/gcc/x86_64-pc-linux-gnu/6.2.1/crtbegin.o] ==> ignore
    arg [-L/usr/lib/gcc/x86_64-pc-linux-gnu/6.2.1] ==> dir [/usr/lib/gcc/x86_64-pc-linux-gnu/6.2.1]
    arg [-L/usr/lib/gcc/x86_64-pc-linux-gnu/6.2.1/../../../../lib] ==> dir [/usr/lib/gcc/x86_64-pc-linux-gnu/6.2.1/../../../../lib]
    arg [-L/lib/../lib] ==> dir [/lib/../lib]
    arg [-L/usr/lib/../lib] ==> dir [/usr/lib/../lib]
    arg [-L/usr/lib/gcc/x86_64-pc-linux-gnu/6.2.1/../../..] ==> dir [/usr/lib/gcc/x86_64-pc-linux-gnu/6.2.1/../../..]
    arg [CMakeFiles/cmTC_5f4d4.dir/CMakeCCompilerABI.c.o] ==> ignore
    arg [-lgcc] ==> lib [gcc]
    arg [--as-needed] ==> ignore
    arg [-lgcc_s] ==> lib [gcc_s]
    arg [--no-as-needed] ==> ignore
    arg [-lc] ==> lib [c]
    arg [-lgcc] ==> lib [gcc]
    arg [--as-needed] ==> ignore
    arg [-lgcc_s] ==> lib [gcc_s]
    arg [--no-as-needed] ==> ignore
    arg [/usr/lib/gcc/x86_64-pc-linux-gnu/6.2.1/crtend.o] ==> ignore
    arg [/usr/lib/gcc/x86_64-pc-linux-gnu/6.2.1/../../../../lib/crtn.o] ==> ignore
  remove lib [gcc]
  remove lib [gcc_s]
  remove lib [gcc]
  remove lib [gcc_s]
  collapse library dir [/usr/lib/gcc/x86_64-pc-linux-gnu/6.2.1] ==> [/usr/lib/gcc/x86_64-pc-linux-gnu/6.2.1]
  collapse library dir [/usr/lib/gcc/x86_64-pc-linux-gnu/6.2.1/../../../../lib] ==> [/usr/lib]
  collapse library dir [/lib/../lib] ==> [/lib]
  collapse library dir [/usr/lib/../lib] ==> [/usr/lib]
  collapse library dir [/usr/lib/gcc/x86_64-pc-linux-gnu/6.2.1/../../..] ==> [/usr/lib]
  implicit libs: [c]
  implicit dirs: [/usr/lib/gcc/x86_64-pc-linux-gnu/6.2.1;/usr/lib;/lib]
  implicit fwks: []




Detecting C [-std=c11] compiler features compiled with the following output:
Change Dir: /home/huynhld/FIS_ES/WIP/Users/HuynhLD/corepoint_delta_detection/build/CMakeFiles/CMakeTmp

Run Build Command:"/usr/bin/make" "cmTC_bed1d/fast"
/usr/bin/make -f CMakeFiles/cmTC_bed1d.dir/build.make CMakeFiles/cmTC_bed1d.dir/build
make[1]: Entering directory '/home/huynhld/FIS_ES/WIP/Users/HuynhLD/corepoint_delta_detection/build/CMakeFiles/CMakeTmp'
Building C object CMakeFiles/cmTC_bed1d.dir/feature_tests.c.o
/usr/bin/cc    -std=c11 -o CMakeFiles/cmTC_bed1d.dir/feature_tests.c.o   -c /home/huynhld/FIS_ES/WIP/Users/HuynhLD/corepoint_delta_detection/build/CMakeFiles/feature_tests.c
Linking C executable cmTC_bed1d
/usr/bin/cmake -E cmake_link_script CMakeFiles/cmTC_bed1d.dir/link.txt --verbose=1
/usr/bin/cc       CMakeFiles/cmTC_bed1d.dir/feature_tests.c.o  -o cmTC_bed1d -rdynamic 
make[1]: Leaving directory '/home/huynhld/FIS_ES/WIP/Users/HuynhLD/corepoint_delta_detection/build/CMakeFiles/CMakeTmp'


    Feature record: C_FEATURE:1c_function_prototypes
    Feature record: C_FEATURE:1c_restrict
    Feature record: C_FEATURE:1c_static_assert
    Feature record: C_FEATURE:1c_variadic_macros


Detecting C [-std=c99] compiler features compiled with the following output:
Change Dir: /home/huynhld/FIS_ES/WIP/Users/HuynhLD/corepoint_delta_detection/build/CMakeFiles/CMakeTmp

Run Build Command:"/usr/bin/make" "cmTC_be71d/fast"
/usr/bin/make -f CMakeFiles/cmTC_be71d.dir/build.make CMakeFiles/cmTC_be71d.dir/build
make[1]: Entering directory '/home/huynhld/FIS_ES/WIP/Users/HuynhLD/corepoint_delta_detection/build/CMakeFiles/CMakeTmp'
Building C object CMakeFiles/cmTC_be71d.dir/feature_tests.c.o
/usr/bin/cc    -std=c99 -o CMakeFiles/cmTC_be71d.dir/feature_tests.c.o   -c /home/huynhld/FIS_ES/WIP/Users/HuynhLD/corepoint_delta_detection/build/CMakeFiles/feature_tests.c
Linking C executable cmTC_be71d
/usr/bin/cmake -E cmake_link_script CMakeFiles/cmTC_be71d.dir/link.txt --verbose=1
/usr/bin/cc       CMakeFiles/cmTC_be71d.dir/feature_tests.c.o  -o cmTC_be71d -rdynamic 
make[1]: Leaving directory '/home/huynhld/FIS_ES/WIP/Users/HuynhLD/corepoint_delta_detection/build/CMakeFiles/CMakeTmp'


    Feature record: C_FEATURE:1c_function_prototypes
    Feature record: C_FEATURE:1c_restrict
    Feature record: C_FEATURE:0c_static_assert
    Feature record: C_FEATURE:1c_variadic_macros


Detecting C [-std=c90] compiler features compiled with the following output:
Change Dir: /home/huynhld/FIS_ES/WIP/Users/HuynhLD/corepoint_delta_detection/build/CMakeFiles/CMakeTmp

Run Build Command:"/usr/bin/make" "cmTC_e2b46/fast"
/usr/bin/make -f CMakeFiles/cmTC_e2b46.dir/build.make CMakeFiles/cmTC_e2b46.dir/build
make[1]: Entering directory '/home/huynhld/FIS_ES/WIP/Users/HuynhLD/corepoint_delta_detection/build/CMakeFiles/CMakeTmp'
Building C object CMakeFiles/cmTC_e2b46.dir/feature_tests.c.o
/usr/bin/cc    -std=c90 -o CMakeFiles/cmTC_e2b46.dir/feature_tests.c.o   -c /home/huynhld/FIS_ES/WIP/Users/HuynhLD/corepoint_delta_detection/build/CMakeFiles/feature_tests.c
Linking C executable cmTC_e2b46
/usr/bin/cmake -E cmake_link_script CMakeFiles/cmTC_e2b46.dir/link.txt --verbose=1
/usr/bin/cc       CMakeFiles/cmTC_e2b46.dir/feature_tests.c.o  -o cmTC_e2b46 -rdynamic 
make[1]: Leaving directory '/home/huynhld/FIS_ES/WIP/Users/HuynhLD/corepoint_delta_detection/build/CMakeFiles/CMakeTmp'


    Feature record: C_FEATURE:1c_function_prototypes
    Feature record: C_FEATURE:0c_restrict
    Feature record: C_FEATURE:0c_static_assert
    Feature record: C_FEATURE:0c_variadic_macros
Determining if the CXX compiler works passed with the following output:
Change Dir: /home/huynhld/FIS_ES/WIP/Users/HuynhLD/corepoint_delta_detection/build/CMakeFiles/CMakeTmp

Run Build Command:"/usr/bin/make" "cmTC_f42b3/fast"
/usr/bin/make -f CMakeFiles/cmTC_f42b3.dir/build.make CMakeFiles/cmTC_f42b3.dir/build
make[1]: Entering directory '/home/huynhld/FIS_ES/WIP/Users/HuynhLD/corepoint_delta_detection/build/CMakeFiles/CMakeTmp'
Building CXX object CMakeFiles/cmTC_f42b3.dir/testCXXCompiler.cxx.o
/usr/bin/c++      -o CMakeFiles/cmTC_f42b3.dir/testCXXCompiler.cxx.o -c /home/huynhld/FIS_ES/WIP/Users/HuynhLD/corepoint_delta_detection/build/CMakeFiles/CMakeTmp/testCXXCompiler.cxx
Linking CXX executable cmTC_f42b3
/usr/bin/cmake -E cmake_link_script CMakeFiles/cmTC_f42b3.dir/link.txt --verbose=1
/usr/bin/c++        CMakeFiles/cmTC_f42b3.dir/testCXXCompiler.cxx.o  -o cmTC_f42b3 -rdynamic 
make[1]: Leaving directory '/home/huynhld/FIS_ES/WIP/Users/HuynhLD/corepoint_delta_detection/build/CMakeFiles/CMakeTmp'


Detecting CXX compiler ABI info compiled with the following output:
Change Dir: /home/huynhld/FIS_ES/WIP/Users/HuynhLD/corepoint_delta_detection/build/CMakeFiles/CMakeTmp

Run Build Command:"/usr/bin/make" "cmTC_f67d8/fast"
/usr/bin/make -f CMakeFiles/cmTC_f67d8.dir/build.make CMakeFiles/cmTC_f67d8.dir/build
make[1]: Entering directory '/home/huynhld/FIS_ES/WIP/Users/HuynhLD/corepoint_delta_detection/build/CMakeFiles/CMakeTmp'
Building CXX object CMakeFiles/cmTC_f67d8.dir/CMakeCXXCompilerABI.cpp.o
/usr/bin/c++      -o CMakeFiles/cmTC_f67d8.dir/CMakeCXXCompilerABI.cpp.o -c /usr/share/cmake-3.6/Modules/CMakeCXXCompilerABI.cpp
Linking CXX executable cmTC_f67d8
/usr/bin/cmake -E cmake_link_script CMakeFiles/cmTC_f67d8.dir/link.txt --verbose=1
/usr/bin/c++       -v CMakeFiles/cmTC_f67d8.dir/CMakeCXXCompilerABI.cpp.o  -o cmTC_f67d8 -rdynamic  
Using built-in specs.
COLLECT_GCC=/usr/bin/c++
COLLECT_LTO_WRAPPER=/usr/lib/gcc/x86_64-pc-linux-gnu/6.2.1/lto-wrapper
Target: x86_64-pc-linux-gnu
Configured with: /build/gcc-multilib/src/gcc/configure --prefix=/usr --libdir=/usr/lib --libexecdir=/usr/lib --mandir=/usr/share/man --infodir=/usr/share/info --with-bugurl=https://bugs.archlinux.org/ --enable-languages=c,c++,ada,fortran,go,lto,objc,obj-c++ --enable-shared --enable-threads=posix --enable-libmpx --with-system-zlib --with-isl --enable-__cxa_atexit --disable-libunwind-exceptions --enable-clocale=gnu --disable-libstdcxx-pch --disable-libssp --enable-gnu-unique-object --enable-linker-build-id --enable-lto --enable-plugin --enable-install-libiberty --with-linker-hash-style=gnu --enable-gnu-indirect-function --enable-multilib --disable-werror --enable-checking=release
Thread model: posix
gcc version 6.2.1 20160830 (GCC) 
COMPILER_PATH=/usr/lib/gcc/x86_64-pc-linux-gnu/6.2.1/:/usr/lib/gcc/x86_64-pc-linux-gnu/6.2.1/:/usr/lib/gcc/x86_64-pc-linux-gnu/:/usr/lib/gcc/x86_64-pc-linux-gnu/6.2.1/:/usr/lib/gcc/x86_64-pc-linux-gnu/
LIBRARY_PATH=/usr/lib/gcc/x86_64-pc-linux-gnu/6.2.1/:/usr/lib/gcc/x86_64-pc-linux-gnu/6.2.1/../../../../lib/:/lib/../lib/:/usr/lib/../lib/:/usr/lib/gcc/x86_64-pc-linux-gnu/6.2.1/../../../:/lib/:/usr/lib/
COLLECT_GCC_OPTIONS='-v' '-o' 'cmTC_f67d8' '-rdynamic' '-shared-libgcc' '-mtune=generic' '-march=x86-64'
 /usr/lib/gcc/x86_64-pc-linux-gnu/6.2.1/collect2 -plugin /usr/lib/gcc/x86_64-pc-linux-gnu/6.2.1/liblto_plugin.so -plugin-opt=/usr/lib/gcc/x86_64-pc-linux-gnu/6.2.1/lto-wrapper -plugin-opt=-fresolution=/tmp/ccL4Uzed.res -plugin-opt=-pass-through=-lgcc_s -plugin-opt=-pass-through=-lgcc -plugin-opt=-pass-through=-lc -plugin-opt=-pass-through=-lgcc_s -plugin-opt=-pass-through=-lgcc --build-id --eh-frame-hdr --hash-style=gnu -m elf_x86_64 -export-dynamic -dynamic-linker /lib64/ld-linux-x86-64.so.2 -o cmTC_f67d8 /usr/lib/gcc/x86_64-pc-linux-gnu/6.2.1/../../../../lib/crt1.o /usr/lib/gcc/x86_64-pc-linux-gnu/6.2.1/../../../../lib/crti.o /usr/lib/gcc/x86_64-pc-linux-gnu/6.2.1/crtbegin.o -L/usr/lib/gcc/x86_64-pc-linux-gnu/6.2.1 -L/usr/lib/gcc/x86_64-pc-linux-gnu/6.2.1/../../../../lib -L/lib/../lib -L/usr/lib/../lib -L/usr/lib/gcc/x86_64-pc-linux-gnu/6.2.1/../../.. CMakeFiles/cmTC_f67d8.dir/CMakeCXXCompilerABI.cpp.o -lstdc++ -lm -lgcc_s -lgcc -lc -lgcc_s -lgcc /usr/lib/gcc/x86_64-pc-linux-gnu/6.2.1/crtend.o /usr/lib/gcc/x86_64-pc-linux-gnu/6.2.1/../../../../lib/crtn.o
COLLECT_GCC_OPTIONS='-v' '-o' 'cmTC_f67d8' '-rdynamic' '-shared-libgcc' '-mtune=generic' '-march=x86-64'
make[1]: Leaving directory '/home/huynhld/FIS_ES/WIP/Users/HuynhLD/corepoint_delta_detection/build/CMakeFiles/CMakeTmp'


Parsed CXX implicit link information from above output:
  link line regex: [^( *|.*[/\])(ld|([^/\]+-)?ld|collect2)[^/\]*( |$)]
  ignore line: [Change Dir: /home/huynhld/FIS_ES/WIP/Users/HuynhLD/corepoint_delta_detection/build/CMakeFiles/CMakeTmp]
  ignore line: []
  ignore line: [Run Build Command:"/usr/bin/make" "cmTC_f67d8/fast"]
  ignore line: [/usr/bin/make -f CMakeFiles/cmTC_f67d8.dir/build.make CMakeFiles/cmTC_f67d8.dir/build]
  ignore line: [make[1]: Entering directory '/home/huynhld/FIS_ES/WIP/Users/HuynhLD/corepoint_delta_detection/build/CMakeFiles/CMakeTmp']
  ignore line: [Building CXX object CMakeFiles/cmTC_f67d8.dir/CMakeCXXCompilerABI.cpp.o]
  ignore line: [/usr/bin/c++      -o CMakeFiles/cmTC_f67d8.dir/CMakeCXXCompilerABI.cpp.o -c /usr/share/cmake-3.6/Modules/CMakeCXXCompilerABI.cpp]
  ignore line: [Linking CXX executable cmTC_f67d8]
  ignore line: [/usr/bin/cmake -E cmake_link_script CMakeFiles/cmTC_f67d8.dir/link.txt --verbose=1]
  ignore line: [/usr/bin/c++       -v CMakeFiles/cmTC_f67d8.dir/CMakeCXXCompilerABI.cpp.o  -o cmTC_f67d8 -rdynamic  ]
  ignore line: [Using built-in specs.]
  ignore line: [COLLECT_GCC=/usr/bin/c++]
  ignore line: [COLLECT_LTO_WRAPPER=/usr/lib/gcc/x86_64-pc-linux-gnu/6.2.1/lto-wrapper]
  ignore line: [Target: x86_64-pc-linux-gnu]
  ignore line: [Configured with: /build/gcc-multilib/src/gcc/configure --prefix=/usr --libdir=/usr/lib --libexecdir=/usr/lib --mandir=/usr/share/man --infodir=/usr/share/info --with-bugurl=https://bugs.archlinux.org/ --enable-languages=c,c++,ada,fortran,go,lto,objc,obj-c++ --enable-shared --enable-threads=posix --enable-libmpx --with-system-zlib --with-isl --enable-__cxa_atexit --disable-libunwind-exceptions --enable-clocale=gnu --disable-libstdcxx-pch --disable-libssp --enable-gnu-unique-object --enable-linker-build-id --enable-lto --enable-plugin --enable-install-libiberty --with-linker-hash-style=gnu --enable-gnu-indirect-function --enable-multilib --disable-werror --enable-checking=release]
  ignore line: [Thread model: posix]
  ignore line: [gcc version 6.2.1 20160830 (GCC) ]
  ignore line: [COMPILER_PATH=/usr/lib/gcc/x86_64-pc-linux-gnu/6.2.1/:/usr/lib/gcc/x86_64-pc-linux-gnu/6.2.1/:/usr/lib/gcc/x86_64-pc-linux-gnu/:/usr/lib/gcc/x86_64-pc-linux-gnu/6.2.1/:/usr/lib/gcc/x86_64-pc-linux-gnu/]
  ignore line: [LIBRARY_PATH=/usr/lib/gcc/x86_64-pc-linux-gnu/6.2.1/:/usr/lib/gcc/x86_64-pc-linux-gnu/6.2.1/../../../../lib/:/lib/../lib/:/usr/lib/../lib/:/usr/lib/gcc/x86_64-pc-linux-gnu/6.2.1/../../../:/lib/:/usr/lib/]
  ignore line: [COLLECT_GCC_OPTIONS='-v' '-o' 'cmTC_f67d8' '-rdynamic' '-shared-libgcc' '-mtune=generic' '-march=x86-64']
  link line: [ /usr/lib/gcc/x86_64-pc-linux-gnu/6.2.1/collect2 -plugin /usr/lib/gcc/x86_64-pc-linux-gnu/6.2.1/liblto_plugin.so -plugin-opt=/usr/lib/gcc/x86_64-pc-linux-gnu/6.2.1/lto-wrapper -plugin-opt=-fresolution=/tmp/ccL4Uzed.res -plugin-opt=-pass-through=-lgcc_s -plugin-opt=-pass-through=-lgcc -plugin-opt=-pass-through=-lc -plugin-opt=-pass-through=-lgcc_s -plugin-opt=-pass-through=-lgcc --build-id --eh-frame-hdr --hash-style=gnu -m elf_x86_64 -export-dynamic -dynamic-linker /lib64/ld-linux-x86-64.so.2 -o cmTC_f67d8 /usr/lib/gcc/x86_64-pc-linux-gnu/6.2.1/../../../../lib/crt1.o /usr/lib/gcc/x86_64-pc-linux-gnu/6.2.1/../../../../lib/crti.o /usr/lib/gcc/x86_64-pc-linux-gnu/6.2.1/crtbegin.o -L/usr/lib/gcc/x86_64-pc-linux-gnu/6.2.1 -L/usr/lib/gcc/x86_64-pc-linux-gnu/6.2.1/../../../../lib -L/lib/../lib -L/usr/lib/../lib -L/usr/lib/gcc/x86_64-pc-linux-gnu/6.2.1/../../.. CMakeFiles/cmTC_f67d8.dir/CMakeCXXCompilerABI.cpp.o -lstdc++ -lm -lgcc_s -lgcc -lc -lgcc_s -lgcc /usr/lib/gcc/x86_64-pc-linux-gnu/6.2.1/crtend.o /usr/lib/gcc/x86_64-pc-linux-gnu/6.2.1/../../../../lib/crtn.o]
    arg [/usr/lib/gcc/x86_64-pc-linux-gnu/6.2.1/collect2] ==> ignore
    arg [-plugin] ==> ignore
    arg [/usr/lib/gcc/x86_64-pc-linux-gnu/6.2.1/liblto_plugin.so] ==> ignore
    arg [-plugin-opt=/usr/lib/gcc/x86_64-pc-linux-gnu/6.2.1/lto-wrapper] ==> ignore
    arg [-plugin-opt=-fresolution=/tmp/ccL4Uzed.res] ==> ignore
    arg [-plugin-opt=-pass-through=-lgcc_s] ==> ignore
    arg [-plugin-opt=-pass-through=-lgcc] ==> ignore
    arg [-plugin-opt=-pass-through=-lc] ==> ignore
    arg [-plugin-opt=-pass-through=-lgcc_s] ==> ignore
    arg [-plugin-opt=-pass-through=-lgcc] ==> ignore
    arg [--build-id] ==> ignore
    arg [--eh-frame-hdr] ==> ignore
    arg [--hash-style=gnu] ==> ignore
    arg [-m] ==> ignore
    arg [elf_x86_64] ==> ignore
    arg [-export-dynamic] ==> ignore
    arg [-dynamic-linker] ==> ignore
    arg [/lib64/ld-linux-x86-64.so.2] ==> ignore
    arg [-o] ==> ignore
    arg [cmTC_f67d8] ==> ignore
    arg [/usr/lib/gcc/x86_64-pc-linux-gnu/6.2.1/../../../../lib/crt1.o] ==> ignore
    arg [/usr/lib/gcc/x86_64-pc-linux-gnu/6.2.1/../../../../lib/crti.o] ==> ignore
    arg [/usr/lib/gcc/x86_64-pc-linux-gnu/6.2.1/crtbegin.o] ==> ignore
    arg [-L/usr/lib/gcc/x86_64-pc-linux-gnu/6.2.1] ==> dir [/usr/lib/gcc/x86_64-pc-linux-gnu/6.2.1]
    arg [-L/usr/lib/gcc/x86_64-pc-linux-gnu/6.2.1/../../../../lib] ==> dir [/usr/lib/gcc/x86_64-pc-linux-gnu/6.2.1/../../../../lib]
    arg [-L/lib/../lib] ==> dir [/lib/../lib]
    arg [-L/usr/lib/../lib] ==> dir [/usr/lib/../lib]
    arg [-L/usr/lib/gcc/x86_64-pc-linux-gnu/6.2.1/../../..] ==> dir [/usr/lib/gcc/x86_64-pc-linux-gnu/6.2.1/../../..]
    arg [CMakeFiles/cmTC_f67d8.dir/CMakeCXXCompilerABI.cpp.o] ==> ignore
    arg [-lstdc++] ==> lib [stdc++]
    arg [-lm] ==> lib [m]
    arg [-lgcc_s] ==> lib [gcc_s]
    arg [-lgcc] ==> lib [gcc]
    arg [-lc] ==> lib [c]
    arg [-lgcc_s] ==> lib [gcc_s]
    arg [-lgcc] ==> lib [gcc]
    arg [/usr/lib/gcc/x86_64-pc-linux-gnu/6.2.1/crtend.o] ==> ignore
    arg [/usr/lib/gcc/x86_64-pc-linux-gnu/6.2.1/../../../../lib/crtn.o] ==> ignore
  remove lib [gcc_s]
  remove lib [gcc]
  remove lib [gcc_s]
  remove lib [gcc]
  collapse library dir [/usr/lib/gcc/x86_64-pc-linux-gnu/6.2.1] ==> [/usr/lib/gcc/x86_64-pc-linux-gnu/6.2.1]
  collapse library dir [/usr/lib/gcc/x86_64-pc-linux-gnu/6.2.1/../../../../lib] ==> [/usr/lib]
  collapse library dir [/lib/../lib] ==> [/lib]
  collapse library dir [/usr/lib/../lib] ==> [/usr/lib]
  collapse library dir [/usr/lib/gcc/x86_64-pc-linux-gnu/6.2.1/../../..] ==> [/usr/lib]
  implicit libs: [stdc++;m;c]
  implicit dirs: [/usr/lib/gcc/x86_64-pc-linux-gnu/6.2.1;/usr/lib;/lib]
  implicit fwks: []




Detecting CXX [-std=c++14] compiler features compiled with the following output:
Change Dir: /home/huynhld/FIS_ES/WIP/Users/HuynhLD/corepoint_delta_detection/build/CMakeFiles/CMakeTmp

Run Build Command:"/usr/bin/make" "cmTC_615d8/fast"
/usr/bin/make -f CMakeFiles/cmTC_615d8.dir/build.make CMakeFiles/cmTC_615d8.dir/build
make[1]: Entering directory '/home/huynhld/FIS_ES/WIP/Users/HuynhLD/corepoint_delta_detection/build/CMakeFiles/CMakeTmp'
Building CXX object CMakeFiles/cmTC_615d8.dir/feature_tests.cxx.o
/usr/bin/c++     -std=c++14 -o CMakeFiles/cmTC_615d8.dir/feature_tests.cxx.o -c /home/huynhld/FIS_ES/WIP/Users/HuynhLD/corepoint_delta_detection/build/CMakeFiles/feature_tests.cxx
Linking CXX executable cmTC_615d8
/usr/bin/cmake -E cmake_link_script CMakeFiles/cmTC_615d8.dir/link.txt --verbose=1
/usr/bin/c++        CMakeFiles/cmTC_615d8.dir/feature_tests.cxx.o  -o cmTC_615d8 -rdynamic 
make[1]: Leaving directory '/home/huynhld/FIS_ES/WIP/Users/HuynhLD/corepoint_delta_detection/build/CMakeFiles/CMakeTmp'


    Feature record: CXX_FEATURE:1cxx_aggregate_default_initializers
    Feature record: CXX_FEATURE:1cxx_alias_templates
    Feature record: CXX_FEATURE:1cxx_alignas
    Feature record: CXX_FEATURE:1cxx_alignof
    Feature record: CXX_FEATURE:1cxx_attributes
    Feature record: CXX_FEATURE:1cxx_attribute_deprecated
    Feature record: CXX_FEATURE:1cxx_auto_type
    Feature record: CXX_FEATURE:1cxx_binary_literals
    Feature record: CXX_FEATURE:1cxx_constexpr
    Feature record: CXX_FEATURE:1cxx_contextual_conversions
    Feature record: CXX_FEATURE:1cxx_decltype
    Feature record: CXX_FEATURE:1cxx_decltype_auto
    Feature record: CXX_FEATURE:1cxx_decltype_incomplete_return_types
    Feature record: CXX_FEATURE:1cxx_default_function_template_args
    Feature record: CXX_FEATURE:1cxx_defaulted_functions
    Feature record: CXX_FEATURE:1cxx_defaulted_move_initializers
    Feature record: CXX_FEATURE:1cxx_delegating_constructors
    Feature record: CXX_FEATURE:1cxx_deleted_functions
    Feature record: CXX_FEATURE:1cxx_digit_separators
    Feature record: CXX_FEATURE:1cxx_enum_forward_declarations
    Feature record: CXX_FEATURE:1cxx_explicit_conversions
    Feature record: CXX_FEATURE:1cxx_extended_friend_declarations
    Feature record: CXX_FEATURE:1cxx_extern_templates
    Feature record: CXX_FEATURE:1cxx_final
    Feature record: CXX_FEATURE:1cxx_func_identifier
    Feature record: CXX_FEATURE:1cxx_generalized_initializers
    Feature record: CXX_FEATURE:1cxx_generic_lambdas
    Feature record: CXX_FEATURE:1cxx_inheriting_constructors
    Feature record: CXX_FEATURE:1cxx_inline_namespaces
    Feature record: CXX_FEATURE:1cxx_lambdas
    Feature record: CXX_FEATURE:1cxx_lambda_init_captures
    Feature record: CXX_FEATURE:1cxx_local_type_template_args
    Feature record: CXX_FEATURE:1cxx_long_long_type
    Feature record: CXX_FEATURE:1cxx_noexcept
    Feature record: CXX_FEATURE:1cxx_nonstatic_member_init
    Feature record: CXX_FEATURE:1cxx_nullptr
    Feature record: CXX_FEATURE:1cxx_override
    Feature record: CXX_FEATURE:1cxx_range_for
    Feature record: CXX_FEATURE:1cxx_raw_string_literals
    Feature record: CXX_FEATURE:1cxx_reference_qualified_functions
    Feature record: CXX_FEATURE:1cxx_relaxed_constexpr
    Feature record: CXX_FEATURE:1cxx_return_type_deduction
    Feature record: CXX_FEATURE:1cxx_right_angle_brackets
    Feature record: CXX_FEATURE:1cxx_rvalue_references
    Feature record: CXX_FEATURE:1cxx_sizeof_member
    Feature record: CXX_FEATURE:1cxx_static_assert
    Feature record: CXX_FEATURE:1cxx_strong_enums
    Feature record: CXX_FEATURE:1cxx_template_template_parameters
    Feature record: CXX_FEATURE:1cxx_thread_local
    Feature record: CXX_FEATURE:1cxx_trailing_return_types
    Feature record: CXX_FEATURE:1cxx_unicode_literals
    Feature record: CXX_FEATURE:1cxx_uniform_initialization
    Feature record: CXX_FEATURE:1cxx_unrestricted_unions
    Feature record: CXX_FEATURE:1cxx_user_literals
    Feature record: CXX_FEATURE:1cxx_variable_templates
    Feature record: CXX_FEATURE:1cxx_variadic_macros
    Feature record: CXX_FEATURE:1cxx_variadic_templates


Detecting CXX [-std=c++11] compiler features compiled with the following output:
Change Dir: /home/huynhld/FIS_ES/WIP/Users/HuynhLD/corepoint_delta_detection/build/CMakeFiles/CMakeTmp

Run Build Command:"/usr/bin/make" "cmTC_cd7c7/fast"
/usr/bin/make -f CMakeFiles/cmTC_cd7c7.dir/build.make CMakeFiles/cmTC_cd7c7.dir/build
make[1]: Entering directory '/home/huynhld/FIS_ES/WIP/Users/HuynhLD/corepoint_delta_detection/build/CMakeFiles/CMakeTmp'
Building CXX object CMakeFiles/cmTC_cd7c7.dir/feature_tests.cxx.o
/usr/bin/c++     -std=c++11 -o CMakeFiles/cmTC_cd7c7.dir/feature_tests.cxx.o -c /home/huynhld/FIS_ES/WIP/Users/HuynhLD/corepoint_delta_detection/build/CMakeFiles/feature_tests.cxx
Linking CXX executable cmTC_cd7c7
/usr/bin/cmake -E cmake_link_script CMakeFiles/cmTC_cd7c7.dir/link.txt --verbose=1
/usr/bin/c++        CMakeFiles/cmTC_cd7c7.dir/feature_tests.cxx.o  -o cmTC_cd7c7 -rdynamic 
make[1]: Leaving directory '/home/huynhld/FIS_ES/WIP/Users/HuynhLD/corepoint_delta_detection/build/CMakeFiles/CMakeTmp'


    Feature record: CXX_FEATURE:0cxx_aggregate_default_initializers
    Feature record: CXX_FEATURE:1cxx_alias_templates
    Feature record: CXX_FEATURE:1cxx_alignas
    Feature record: CXX_FEATURE:1cxx_alignof
    Feature record: CXX_FEATURE:1cxx_attributes
    Feature record: CXX_FEATURE:0cxx_attribute_deprecated
    Feature record: CXX_FEATURE:1cxx_auto_type
    Feature record: CXX_FEATURE:0cxx_binary_literals
    Feature record: CXX_FEATURE:1cxx_constexpr
    Feature record: CXX_FEATURE:0cxx_contextual_conversions
    Feature record: CXX_FEATURE:1cxx_decltype
    Feature record: CXX_FEATURE:0cxx_decltype_auto
    Feature record: CXX_FEATURE:1cxx_decltype_incomplete_return_types
    Feature record: CXX_FEATURE:1cxx_default_function_template_args
    Feature record: CXX_FEATURE:1cxx_defaulted_functions
    Feature record: CXX_FEATURE:1cxx_defaulted_move_initializers
    Feature record: CXX_FEATURE:1cxx_delegating_constructors
    Feature record: CXX_FEATURE:1cxx_deleted_functions
    Feature record: CXX_FEATURE:0cxx_digit_separators
    Feature record: CXX_FEATURE:1cxx_enum_forward_declarations
    Feature record: CXX_FEATURE:1cxx_explicit_conversions
    Feature record: CXX_FEATURE:1cxx_extended_friend_declarations
    Feature record: CXX_FEATURE:1cxx_extern_templates
    Feature record: CXX_FEATURE:1cxx_final
    Feature record: CXX_FEATURE:1cxx_func_identifier
    Feature record: CXX_FEATURE:1cxx_generalized_initializers
    Feature record: CXX_FEATURE:0cxx_generic_lambdas
    Feature record: CXX_FEATURE:1cxx_inheriting_constructors
    Feature record: CXX_FEATURE:1cxx_inline_namespaces
    Feature record: CXX_FEATURE:1cxx_lambdas
    Feature record: CXX_FEATURE:0cxx_lambda_init_captures
    Feature record: CXX_FEATURE:1cxx_local_type_template_args
    Feature record: CXX_FEATURE:1cxx_long_long_type
    Feature record: CXX_FEATURE:1cxx_noexcept
    Feature record: CXX_FEATURE:1cxx_nonstatic_member_init
    Feature record: CXX_FEATURE:1cxx_nullptr
    Feature record: CXX_FEATURE:1cxx_override
    Feature record: CXX_FEATURE:1cxx_range_for
    Feature record: CXX_FEATURE:1cxx_raw_string_literals
    Feature record: CXX_FEATURE:1cxx_reference_qualified_functions
    Feature record: CXX_FEATURE:0cxx_relaxed_constexpr
    Feature record: CXX_FEATURE:0cxx_return_type_deduction
    Feature record: CXX_FEATURE:1cxx_right_angle_brackets
    Feature record: CXX_FEATURE:1cxx_rvalue_references
    Feature record: CXX_FEATURE:1cxx_sizeof_member
    Feature record: CXX_FEATURE:1cxx_static_assert
    Feature record: CXX_FEATURE:1cxx_strong_enums
    Feature record: CXX_FEATURE:1cxx_template_template_parameters
    Feature record: CXX_FEATURE:1cxx_thread_local
    Feature record: CXX_FEATURE:1cxx_trailing_return_types
    Feature record: CXX_FEATURE:1cxx_unicode_literals
    Feature record: CXX_FEATURE:1cxx_uniform_initialization
    Feature record: CXX_FEATURE:1cxx_unrestricted_unions
    Feature record: CXX_FEATURE:1cxx_user_literals
    Feature record: CXX_FEATURE:0cxx_variable_templates
    Feature record: CXX_FEATURE:1cxx_variadic_macros
    Feature record: CXX_FEATURE:1cxx_variadic_templates


Detecting CXX [-std=c++98] compiler features compiled with the following output:
Change Dir: /home/huynhld/FIS_ES/WIP/Users/HuynhLD/corepoint_delta_detection/build/CMakeFiles/CMakeTmp

Run Build Command:"/usr/bin/make" "cmTC_099b8/fast"
/usr/bin/make -f CMakeFiles/cmTC_099b8.dir/build.make CMakeFiles/cmTC_099b8.dir/build
make[1]: Entering directory '/home/huynhld/FIS_ES/WIP/Users/HuynhLD/corepoint_delta_detection/build/CMakeFiles/CMakeTmp'
Building CXX object CMakeFiles/cmTC_099b8.dir/feature_tests.cxx.o
/usr/bin/c++     -std=c++98 -o CMakeFiles/cmTC_099b8.dir/feature_tests.cxx.o -c /home/huynhld/FIS_ES/WIP/Users/HuynhLD/corepoint_delta_detection/build/CMakeFiles/feature_tests.cxx
Linking CXX executable cmTC_099b8
/usr/bin/cmake -E cmake_link_script CMakeFiles/cmTC_099b8.dir/link.txt --verbose=1
/usr/bin/c++        CMakeFiles/cmTC_099b8.dir/feature_tests.cxx.o  -o cmTC_099b8 -rdynamic 
make[1]: Leaving directory '/home/huynhld/FIS_ES/WIP/Users/HuynhLD/corepoint_delta_detection/build/CMakeFiles/CMakeTmp'


    Feature record: CXX_FEATURE:0cxx_aggregate_default_initializers
    Feature record: CXX_FEATURE:0cxx_alias_templates
    Feature record: CXX_FEATURE:0cxx_alignas
    Feature record: CXX_FEATURE:0cxx_alignof
    Feature record: CXX_FEATURE:0cxx_attributes
    Feature record: CXX_FEATURE:0cxx_attribute_deprecated
    Feature record: CXX_FEATURE:0cxx_auto_type
    Feature record: CXX_FEATURE:0cxx_binary_literals
    Feature record: CXX_FEATURE:0cxx_constexpr
    Feature record: CXX_FEATURE:0cxx_contextual_conversions
    Feature record: CXX_FEATURE:0cxx_decltype
    Feature record: CXX_FEATURE:0cxx_decltype_auto
    Feature record: CXX_FEATURE:0cxx_decltype_incomplete_return_types
    Feature record: CXX_FEATURE:0cxx_default_function_template_args
    Feature record: CXX_FEATURE:0cxx_defaulted_functions
    Feature record: CXX_FEATURE:0cxx_defaulted_move_initializers
    Feature record: CXX_FEATURE:0cxx_delegating_constructors
    Feature record: CXX_FEATURE:0cxx_deleted_functions
    Feature record: CXX_FEATURE:0cxx_digit_separators
    Feature record: CXX_FEATURE:0cxx_enum_forward_declarations
    Feature record: CXX_FEATURE:0cxx_explicit_conversions
    Feature record: CXX_FEATURE:0cxx_extended_friend_declarations
    Feature record: CXX_FEATURE:0cxx_extern_templates
    Feature record: CXX_FEATURE:0cxx_final
    Feature record: CXX_FEATURE:0cxx_func_identifier
    Feature record: CXX_FEATURE:0cxx_generalized_initializers
    Feature record: CXX_FEATURE:0cxx_generic_lambdas
    Feature record: CXX_FEATURE:0cxx_inheriting_constructors
    Feature record: CXX_FEATURE:0cxx_inline_namespaces
    Feature record: CXX_FEATURE:0cxx_lambdas
    Feature record: CXX_FEATURE:0cxx_lambda_init_captures
    Feature record: CXX_FEATURE:0cxx_local_type_template_args
    Feature record: CXX_FEATURE:0cxx_long_long_type
    Feature record: CXX_FEATURE:0cxx_noexcept
    Feature record: CXX_FEATURE:0cxx_nonstatic_member_init
    Feature record: CXX_FEATURE:0cxx_nullptr
    Feature record: CXX_FEATURE:0cxx_override
    Feature record: CXX_FEATURE:0cxx_range_for
    Feature record: CXX_FEATURE:0cxx_raw_string_literals
    Feature record: CXX_FEATURE:0cxx_reference_qualified_functions
    Feature record: CXX_FEATURE:0cxx_relaxed_constexpr
    Feature record: CXX_FEATURE:0cxx_return_type_deduction
    Feature record: CXX_FEATURE:0cxx_right_angle_brackets
    Feature record: CXX_FEATURE:0cxx_rvalue_references
    Feature record: CXX_FEATURE:0cxx_sizeof_member
    Feature record: CXX_FEATURE:0cxx_static_assert
    Feature record: CXX_FEATURE:0cxx_strong_enums
    Feature record: CXX_FEATURE:1cxx_template_template_parameters
    Feature record: CXX_FEATURE:0cxx_thread_local
    Feature record: CXX_FEATURE:0cxx_trailing_return_types
    Feature record: CXX_FEATURE:0cxx_unicode_literals
    Feature record: CXX_FEATURE:0cxx_uniform_initialization
    Feature record: CXX_FEATURE:0cxx_unrestricted_unions
    Feature record: CXX_FEATURE:0cxx_user_literals
    Feature record: CXX_FEATURE:0cxx_variable_templates
    Feature record: CXX_FEATURE:0cxx_variadic_macros
    Feature record: CXX_FEATURE:0cxx_variadic_templates
Determining if the include file pthread.h exists passed with the following output:
Change Dir: /home/huynhld/FIS_ES/WIP/Users/HuynhLD/corepoint_delta_detection/build/CMakeFiles/CMakeTmp

Run Build Command:"/usr/bin/make" "cmTC_b8076/fast"
/usr/bin/make -f CMakeFiles/cmTC_b8076.dir/build.make CMakeFiles/cmTC_b8076.dir/build
make[1]: Entering directory '/home/huynhld/FIS_ES/WIP/Users/HuynhLD/corepoint_delta_detection/build/CMakeFiles/CMakeTmp'
Building C object CMakeFiles/cmTC_b8076.dir/CheckIncludeFile.c.o
/usr/bin/cc     -o CMakeFiles/cmTC_b8076.dir/CheckIncludeFile.c.o   -c /home/huynhld/FIS_ES/WIP/Users/HuynhLD/corepoint_delta_detection/build/CMakeFiles/CMakeTmp/CheckIncludeFile.c
Linking C executable cmTC_b8076
/usr/bin/cmake -E cmake_link_script CMakeFiles/cmTC_b8076.dir/link.txt --verbose=1
/usr/bin/cc       CMakeFiles/cmTC_b8076.dir/CheckIncludeFile.c.o  -o cmTC_b8076 -rdynamic 
make[1]: Leaving directory '/home/huynhld/FIS_ES/WIP/Users/HuynhLD/corepoint_delta_detection/build/CMakeFiles/CMakeTmp'


Determining if the function pthread_create exists in the pthread passed with the following output:
Change Dir: /home/huynhld/FIS_ES/WIP/Users/HuynhLD/corepoint_delta_detection/build/CMakeFiles/CMakeTmp

Run Build Command:"/usr/bin/make" "cmTC_52d52/fast"
/usr/bin/make -f CMakeFiles/cmTC_52d52.dir/build.make CMakeFiles/cmTC_52d52.dir/build
make[1]: Entering directory '/home/huynhld/FIS_ES/WIP/Users/HuynhLD/corepoint_delta_detection/build/CMakeFiles/CMakeTmp'
Building C object CMakeFiles/cmTC_52d52.dir/CheckFunctionExists.c.o
/usr/bin/cc    -DCHECK_FUNCTION_EXISTS=pthread_create   -o CMakeFiles/cmTC_52d52.dir/CheckFunctionExists.c.o   -c /usr/share/cmake-3.6/Modules/CheckFunctionExists.c
Linking C executable cmTC_52d52
/usr/bin/cmake -E cmake_link_script CMakeFiles/cmTC_52d52.dir/link.txt --verbose=1
/usr/bin/cc   -DCHECK_FUNCTION_EXISTS=pthread_create    CMakeFiles/cmTC_52d52.dir/CheckFunctionExists.c.o  -o cmTC_52d52 -rdynamic -lpthread 
make[1]: Leaving directory '/home/huynhld/FIS_ES/WIP/Users/HuynhLD/corepoint_delta_detection/build/CMakeFiles/CMakeTmp'


Determining if the function XOpenDisplay exists in the /usr/lib64/libX11.so;/usr/lib64/libXext.so passed with the following output:
Change Dir: /home/huynhld/FIS_ES/WIP/Users/HuynhLD/corepoint_delta_detection/build/CMakeFiles/CMakeTmp

Run Build Command:"/usr/bin/make" "cmTC_b7492/fast"
/usr/bin/make -f CMakeFiles/cmTC_b7492.dir/build.make CMakeFiles/cmTC_b7492.dir/build
make[1]: Entering directory '/home/huynhld/FIS_ES/WIP/Users/HuynhLD/corepoint_delta_detection/build/CMakeFiles/CMakeTmp'
Building C object CMakeFiles/cmTC_b7492.dir/CheckFunctionExists.c.o
/usr/bin/cc    -DCHECK_FUNCTION_EXISTS=XOpenDisplay   -o CMakeFiles/cmTC_b7492.dir/CheckFunctionExists.c.o   -c /usr/share/cmake-3.6/Modules/CheckFunctionExists.c
Linking C executable cmTC_b7492
/usr/bin/cmake -E cmake_link_script CMakeFiles/cmTC_b7492.dir/link.txt --verbose=1
/usr/bin/cc   -DCHECK_FUNCTION_EXISTS=XOpenDisplay    CMakeFiles/cmTC_b7492.dir/CheckFunctionExists.c.o  -o cmTC_b7492 -rdynamic /usr/lib64/libX11.so /usr/lib64/libXext.so 
make[1]: Leaving directory '/home/huynhld/FIS_ES/WIP/Users/HuynhLD/corepoint_delta_detection/build/CMakeFiles/CMakeTmp'


Determining if the function gethostbyname exists passed with the following output:
Change Dir: /home/huynhld/FIS_ES/WIP/Users/HuynhLD/corepoint_delta_detection/build/CMakeFiles/CMakeTmp

Run Build Command:"/usr/bin/make" "cmTC_052f7/fast"
/usr/bin/make -f CMakeFiles/cmTC_052f7.dir/build.make CMakeFiles/cmTC_052f7.dir/build
make[1]: Entering directory '/home/huynhld/FIS_ES/WIP/Users/HuynhLD/corepoint_delta_detection/build/CMakeFiles/CMakeTmp'
Building C object CMakeFiles/cmTC_052f7.dir/CheckFunctionExists.c.o
/usr/bin/cc    -DCHECK_FUNCTION_EXISTS=gethostbyname   -o CMakeFiles/cmTC_052f7.dir/CheckFunctionExists.c.o   -c /usr/share/cmake-3.6/Modules/CheckFunctionExists.c
Linking C executable cmTC_052f7
/usr/bin/cmake -E cmake_link_script CMakeFiles/cmTC_052f7.dir/link.txt --verbose=1
/usr/bin/cc   -DCHECK_FUNCTION_EXISTS=gethostbyname    CMakeFiles/cmTC_052f7.dir/CheckFunctionExists.c.o  -o cmTC_052f7 -rdynamic 
make[1]: Leaving directory '/home/huynhld/FIS_ES/WIP/Users/HuynhLD/corepoint_delta_detection/build/CMakeFiles/CMakeTmp'


Determining if the function connect exists passed with the following output:
Change Dir: /home/huynhld/FIS_ES/WIP/Users/HuynhLD/corepoint_delta_detection/build/CMakeFiles/CMakeTmp

Run Build Command:"/usr/bin/make" "cmTC_81c25/fast"
/usr/bin/make -f CMakeFiles/cmTC_81c25.dir/build.make CMakeFiles/cmTC_81c25.dir/build
make[1]: Entering directory '/home/huynhld/FIS_ES/WIP/Users/HuynhLD/corepoint_delta_detection/build/CMakeFiles/CMakeTmp'
Building C object CMakeFiles/cmTC_81c25.dir/CheckFunctionExists.c.o
/usr/bin/cc    -DCHECK_FUNCTION_EXISTS=connect   -o CMakeFiles/cmTC_81c25.dir/CheckFunctionExists.c.o   -c /usr/share/cmake-3.6/Modules/CheckFunctionExists.c
Linking C executable cmTC_81c25
/usr/bin/cmake -E cmake_link_script CMakeFiles/cmTC_81c25.dir/link.txt --verbose=1
/usr/bin/cc   -DCHECK_FUNCTION_EXISTS=connect    CMakeFiles/cmTC_81c25.dir/CheckFunctionExists.c.o  -o cmTC_81c25 -rdynamic 
make[1]: Leaving directory '/home/huynhld/FIS_ES/WIP/Users/HuynhLD/corepoint_delta_detection/build/CMakeFiles/CMakeTmp'


Determining if the function remove exists passed with the following output:
Change Dir: /home/huynhld/FIS_ES/WIP/Users/HuynhLD/corepoint_delta_detection/build/CMakeFiles/CMakeTmp

Run Build Command:"/usr/bin/make" "cmTC_317e0/fast"
/usr/bin/make -f CMakeFiles/cmTC_317e0.dir/build.make CMakeFiles/cmTC_317e0.dir/build
make[1]: Entering directory '/home/huynhld/FIS_ES/WIP/Users/HuynhLD/corepoint_delta_detection/build/CMakeFiles/CMakeTmp'
Building C object CMakeFiles/cmTC_317e0.dir/CheckFunctionExists.c.o
/usr/bin/cc    -DCHECK_FUNCTION_EXISTS=remove   -o CMakeFiles/cmTC_317e0.dir/CheckFunctionExists.c.o   -c /usr/share/cmake-3.6/Modules/CheckFunctionExists.c
Linking C executable cmTC_317e0
/usr/bin/cmake -E cmake_link_script CMakeFiles/cmTC_317e0.dir/link.txt --verbose=1
/usr/bin/cc   -DCHECK_FUNCTION_EXISTS=remove    CMakeFiles/cmTC_317e0.dir/CheckFunctionExists.c.o  -o cmTC_317e0 -rdynamic 
make[1]: Leaving directory '/home/huynhld/FIS_ES/WIP/Users/HuynhLD/corepoint_delta_detection/build/CMakeFiles/CMakeTmp'


Determining if the function shmat exists passed with the following output:
Change Dir: /home/huynhld/FIS_ES/WIP/Users/HuynhLD/corepoint_delta_detection/build/CMakeFiles/CMakeTmp

Run Build Command:"/usr/bin/make" "cmTC_d81fa/fast"
/usr/bin/make -f CMakeFiles/cmTC_d81fa.dir/build.make CMakeFiles/cmTC_d81fa.dir/build
make[1]: Entering directory '/home/huynhld/FIS_ES/WIP/Users/HuynhLD/corepoint_delta_detection/build/CMakeFiles/CMakeTmp'
Building C object CMakeFiles/cmTC_d81fa.dir/CheckFunctionExists.c.o
/usr/bin/cc    -DCHECK_FUNCTION_EXISTS=shmat   -o CMakeFiles/cmTC_d81fa.dir/CheckFunctionExists.c.o   -c /usr/share/cmake-3.6/Modules/CheckFunctionExists.c
Linking C executable cmTC_d81fa
/usr/bin/cmake -E cmake_link_script CMakeFiles/cmTC_d81fa.dir/link.txt --verbose=1
/usr/bin/cc   -DCHECK_FUNCTION_EXISTS=shmat    CMakeFiles/cmTC_d81fa.dir/CheckFunctionExists.c.o  -o cmTC_d81fa -rdynamic 
make[1]: Leaving directory '/home/huynhld/FIS_ES/WIP/Users/HuynhLD/corepoint_delta_detection/build/CMakeFiles/CMakeTmp'


Determining if the function IceConnectionNumber exists in the ICE passed with the following output:
Change Dir: /home/huynhld/FIS_ES/WIP/Users/HuynhLD/corepoint_delta_detection/build/CMakeFiles/CMakeTmp

Run Build Command:"/usr/bin/make" "cmTC_f5792/fast"
/usr/bin/make -f CMakeFiles/cmTC_f5792.dir/build.make CMakeFiles/cmTC_f5792.dir/build
make[1]: Entering directory '/home/huynhld/FIS_ES/WIP/Users/HuynhLD/corepoint_delta_detection/build/CMakeFiles/CMakeTmp'
Building C object CMakeFiles/cmTC_f5792.dir/CheckFunctionExists.c.o
/usr/bin/cc    -DCHECK_FUNCTION_EXISTS=IceConnectionNumber   -o CMakeFiles/cmTC_f5792.dir/CheckFunctionExists.c.o   -c /usr/share/cmake-3.6/Modules/CheckFunctionExists.c
Linking C executable cmTC_f5792
/usr/bin/cmake -E cmake_link_script CMakeFiles/cmTC_f5792.dir/link.txt --verbose=1
/usr/bin/cc   -DCHECK_FUNCTION_EXISTS=IceConnectionNumber    CMakeFiles/cmTC_f5792.dir/CheckFunctionExists.c.o  -o cmTC_f5792 -rdynamic -lICE 
make[1]: Leaving directory '/home/huynhld/FIS_ES/WIP/Users/HuynhLD/corepoint_delta_detection/build/CMakeFiles/CMakeTmp'


Performing C SOURCE FILE Test GIF_GifFileType_UserData succeeded with the following output:
Change Dir: /home/huynhld/FIS_ES/WIP/Users/HuynhLD/corepoint_delta_detection/build/CMakeFiles/CMakeTmp

Run Build Command:"/usr/bin/make" "cmTC_2dd11/fast"
/usr/bin/make -f CMakeFiles/cmTC_2dd11.dir/build.make CMakeFiles/cmTC_2dd11.dir/build
make[1]: Entering directory '/home/huynhld/FIS_ES/WIP/Users/HuynhLD/corepoint_delta_detection/build/CMakeFiles/CMakeTmp'
Building C object CMakeFiles/cmTC_2dd11.dir/src.c.o
/usr/bin/cc    -DGIF_GifFileType_UserData   -o CMakeFiles/cmTC_2dd11.dir/src.c.o   -c /home/huynhld/FIS_ES/WIP/Users/HuynhLD/corepoint_delta_detection/build/CMakeFiles/CMakeTmp/src.c
Linking C executable cmTC_2dd11
/usr/bin/cmake -E cmake_link_script CMakeFiles/cmTC_2dd11.dir/link.txt --verbose=1
/usr/bin/cc   -DGIF_GifFileType_UserData    CMakeFiles/cmTC_2dd11.dir/src.c.o  -o cmTC_2dd11 -rdynamic 
make[1]: Leaving directory '/home/huynhld/FIS_ES/WIP/Users/HuynhLD/corepoint_delta_detection/build/CMakeFiles/CMakeTmp'

Source file was:

#include <gif_lib.h>

int main()
{
   (void)sizeof(((GifFileType *)0)->UserData);
   return 0;
}

Determining if the function png_create_read_struct exists passed with the following output:
Change Dir: /home/huynhld/FIS_ES/WIP/Users/HuynhLD/corepoint_delta_detection/build/CMakeFiles/CMakeTmp

Run Build Command:"/usr/bin/make" "cmTC_c8c85/fast"
/usr/bin/make -f CMakeFiles/cmTC_c8c85.dir/build.make CMakeFiles/cmTC_c8c85.dir/build
make[1]: Entering directory '/home/huynhld/FIS_ES/WIP/Users/HuynhLD/corepoint_delta_detection/build/CMakeFiles/CMakeTmp'
Building C object CMakeFiles/cmTC_c8c85.dir/CheckFunctionExists.c.o
/usr/bin/cc    -DCHECK_FUNCTION_EXISTS=png_create_read_struct   -o CMakeFiles/cmTC_c8c85.dir/CheckFunctionExists.c.o   -c /usr/share/cmake-3.6/Modules/CheckFunctionExists.c
Linking C executable cmTC_c8c85
/usr/bin/cmake -E cmake_link_script CMakeFiles/cmTC_c8c85.dir/link.txt --verbose=1
/usr/bin/cc   -DCHECK_FUNCTION_EXISTS=png_create_read_struct    CMakeFiles/cmTC_c8c85.dir/CheckFunctionExists.c.o  -o cmTC_c8c85 -rdynamic /usr/lib64/libpng.so 
make[1]: Leaving directory '/home/huynhld/FIS_ES/WIP/Users/HuynhLD/corepoint_delta_detection/build/CMakeFiles/CMakeTmp'


Determining if the function jpeg_read_header exists passed with the following output:
Change Dir: /home/huynhld/FIS_ES/WIP/Users/HuynhLD/corepoint_delta_detection/build/CMakeFiles/CMakeTmp

Run Build Command:"/usr/bin/make" "cmTC_c6f5e/fast"
/usr/bin/make -f CMakeFiles/cmTC_c6f5e.dir/build.make CMakeFiles/cmTC_c6f5e.dir/build
make[1]: Entering directory '/home/huynhld/FIS_ES/WIP/Users/HuynhLD/corepoint_delta_detection/build/CMakeFiles/CMakeTmp'
Building C object CMakeFiles/cmTC_c6f5e.dir/CheckFunctionExists.c.o
/usr/bin/cc    -DCHECK_FUNCTION_EXISTS=jpeg_read_header   -o CMakeFiles/cmTC_c6f5e.dir/CheckFunctionExists.c.o   -c /usr/share/cmake-3.6/Modules/CheckFunctionExists.c
Linking C executable cmTC_c6f5e
/usr/bin/cmake -E cmake_link_script CMakeFiles/cmTC_c6f5e.dir/link.txt --verbose=1
/usr/bin/cc   -DCHECK_FUNCTION_EXISTS=jpeg_read_header    CMakeFiles/cmTC_c6f5e.dir/CheckFunctionExists.c.o  -o cmTC_c6f5e -rdynamic /usr/lib64/libjpeg.so 
make[1]: Leaving directory '/home/huynhld/FIS_ES/WIP/Users/HuynhLD/corepoint_delta_detection/build/CMakeFiles/CMakeTmp'


Determining if the include file sys/types.h exists passed with the following output:
Change Dir: /home/huynhld/FIS_ES/WIP/Users/HuynhLD/corepoint_delta_detection/build/CMakeFiles/CMakeTmp

Run Build Command:"/usr/bin/make" "cmTC_3b77a/fast"
/usr/bin/make -f CMakeFiles/cmTC_3b77a.dir/build.make CMakeFiles/cmTC_3b77a.dir/build
make[1]: Entering directory '/home/huynhld/FIS_ES/WIP/Users/HuynhLD/corepoint_delta_detection/build/CMakeFiles/CMakeTmp'
Building C object CMakeFiles/cmTC_3b77a.dir/CheckIncludeFile.c.o
/usr/bin/cc     -o CMakeFiles/cmTC_3b77a.dir/CheckIncludeFile.c.o   -c /home/huynhld/FIS_ES/WIP/Users/HuynhLD/corepoint_delta_detection/build/CMakeFiles/CMakeTmp/CheckIncludeFile.c
Linking C executable cmTC_3b77a
/usr/bin/cmake -E cmake_link_script CMakeFiles/cmTC_3b77a.dir/link.txt --verbose=1
/usr/bin/cc       CMakeFiles/cmTC_3b77a.dir/CheckIncludeFile.c.o  -o cmTC_3b77a -rdynamic 
make[1]: Leaving directory '/home/huynhld/FIS_ES/WIP/Users/HuynhLD/corepoint_delta_detection/build/CMakeFiles/CMakeTmp'


Determining if the include file stdint.h exists passed with the following output:
Change Dir: /home/huynhld/FIS_ES/WIP/Users/HuynhLD/corepoint_delta_detection/build/CMakeFiles/CMakeTmp

Run Build Command:"/usr/bin/make" "cmTC_1f67a/fast"
/usr/bin/make -f CMakeFiles/cmTC_1f67a.dir/build.make CMakeFiles/cmTC_1f67a.dir/build
make[1]: Entering directory '/home/huynhld/FIS_ES/WIP/Users/HuynhLD/corepoint_delta_detection/build/CMakeFiles/CMakeTmp'
Building C object CMakeFiles/cmTC_1f67a.dir/CheckIncludeFile.c.o
/usr/bin/cc     -o CMakeFiles/cmTC_1f67a.dir/CheckIncludeFile.c.o   -c /home/huynhld/FIS_ES/WIP/Users/HuynhLD/corepoint_delta_detection/build/CMakeFiles/CMakeTmp/CheckIncludeFile.c
Linking C executable cmTC_1f67a
/usr/bin/cmake -E cmake_link_script CMakeFiles/cmTC_1f67a.dir/link.txt --verbose=1
/usr/bin/cc       CMakeFiles/cmTC_1f67a.dir/CheckIncludeFile.c.o  -o cmTC_1f67a -rdynamic 
make[1]: Leaving directory '/home/huynhld/FIS_ES/WIP/Users/HuynhLD/corepoint_delta_detection/build/CMakeFiles/CMakeTmp'


Determining if the include file stddef.h exists passed with the following output:
Change Dir: /home/huynhld/FIS_ES/WIP/Users/HuynhLD/corepoint_delta_detection/build/CMakeFiles/CMakeTmp

Run Build Command:"/usr/bin/make" "cmTC_b6ca9/fast"
/usr/bin/make -f CMakeFiles/cmTC_b6ca9.dir/build.make CMakeFiles/cmTC_b6ca9.dir/build
make[1]: Entering directory '/home/huynhld/FIS_ES/WIP/Users/HuynhLD/corepoint_delta_detection/build/CMakeFiles/CMakeTmp'
Building C object CMakeFiles/cmTC_b6ca9.dir/CheckIncludeFile.c.o
/usr/bin/cc     -o CMakeFiles/cmTC_b6ca9.dir/CheckIncludeFile.c.o   -c /home/huynhld/FIS_ES/WIP/Users/HuynhLD/corepoint_delta_detection/build/CMakeFiles/CMakeTmp/CheckIncludeFile.c
Linking C executable cmTC_b6ca9
/usr/bin/cmake -E cmake_link_script CMakeFiles/cmTC_b6ca9.dir/link.txt --verbose=1
/usr/bin/cc       CMakeFiles/cmTC_b6ca9.dir/CheckIncludeFile.c.o  -o cmTC_b6ca9 -rdynamic 
make[1]: Leaving directory '/home/huynhld/FIS_ES/WIP/Users/HuynhLD/corepoint_delta_detection/build/CMakeFiles/CMakeTmp'


Determining size of void* passed with the following output:
Change Dir: /home/huynhld/FIS_ES/WIP/Users/HuynhLD/corepoint_delta_detection/build/CMakeFiles/CMakeTmp

Run Build Command:"/usr/bin/make" "cmTC_308be/fast"
/usr/bin/make -f CMakeFiles/cmTC_308be.dir/build.make CMakeFiles/cmTC_308be.dir/build
make[1]: Entering directory '/home/huynhld/FIS_ES/WIP/Users/HuynhLD/corepoint_delta_detection/build/CMakeFiles/CMakeTmp'
Building C object CMakeFiles/cmTC_308be.dir/SIZE_OF_VOID_PTR.c.o
/usr/bin/cc     -o CMakeFiles/cmTC_308be.dir/SIZE_OF_VOID_PTR.c.o   -c /home/huynhld/FIS_ES/WIP/Users/HuynhLD/corepoint_delta_detection/build/CMakeFiles/CheckTypeSize/SIZE_OF_VOID_PTR.c
Linking C executable cmTC_308be
/usr/bin/cmake -E cmake_link_script CMakeFiles/cmTC_308be.dir/link.txt --verbose=1
/usr/bin/cc       CMakeFiles/cmTC_308be.dir/SIZE_OF_VOID_PTR.c.o  -o cmTC_308be -rdynamic /usr/lib64/libjpeg.so 
make[1]: Leaving directory '/home/huynhld/FIS_ES/WIP/Users/HuynhLD/corepoint_delta_detection/build/CMakeFiles/CMakeTmp'


